{
  "RSpec": {
    "coverage": {
      "/home/maks/Dropbox/study/Ruby/my/stack_like_pt_v426/spec/models/category_spec.rb": [
        1,
        null,
        1,
        2,
        null
      ],
      "/home/maks/Dropbox/study/Ruby/my/stack_like_pt_v426/spec/rails_helper.rb": [
        null,
        1,
        1,
        null,
        1,
        1,
        1,
        null,
        null,
        null,
        null,
        null,
        null,
        null,
        null,
        null,
        null,
        null,
        null,
        null,
        null,
        null,
        null,
        null,
        null,
        null,
        1,
        null,
        1,
        null,
        1,
        null,
        null,
        null,
        null,
        1,
        null,
        null,
        null,
        null,
        null,
        null,
        null,
        null,
        null,
        null,
        null,
        null,
        null,
        null,
        1,
        null,
        null,
        1,
        null,
        null,
        null,
        null,
        1,
        1,
        1,
        null,
        1,
        null,
        null
      ],
      "/home/maks/Dropbox/study/Ruby/my/stack_like_pt_v426/config/environment.rb": [
        null,
        1,
        null,
        null,
        1
      ],
      "/home/maks/Dropbox/study/Ruby/my/stack_like_pt_v426/config/application.rb": [
        1,
        null,
        1,
        null,
        1,
        1,
        1,
        1,
        1,
        1,
        null,
        null,
        null,
        null,
        null,
        1,
        null,
        1,
        1,
        null,
        null,
        null,
        null,
        null,
        null,
        null,
        null,
        null,
        null,
        null,
        null,
        null,
        1,
        null,
        null
      ],
      "/home/maks/Dropbox/study/Ruby/my/stack_like_pt_v426/config/boot.rb": [
        1,
        null,
        1
      ],
      "/home/maks/Dropbox/study/Ruby/my/stack_like_pt_v426/config/environments/test.rb": [
        1,
        null,
        null,
        null,
        null,
        null,
        null,
        1,
        null,
        null,
        null,
        null,
        1,
        null,
        null,
        1,
        1,
        null,
        null,
        1,
        1,
        null,
        null,
        1,
        null,
        null,
        1,
        null,
        null,
        null,
        null,
        1,
        null,
        null,
        1,
        null,
        null,
        1,
        null,
        null,
        null,
        null
      ],
      "/home/maks/Dropbox/study/Ruby/my/stack_like_pt_v426/config/initializers/backtrace_silencers.rb": [
        null,
        null,
        null,
        null,
        null,
        null,
        null
      ],
      "/home/maks/Dropbox/study/Ruby/my/stack_like_pt_v426/config/initializers/cookies_serializer.rb": [
        null,
        null,
        1
      ],
      "/home/maks/Dropbox/study/Ruby/my/stack_like_pt_v426/config/initializers/filter_parameter_logging.rb": [
        null,
        null,
        null,
        1
      ],
      "/home/maks/Dropbox/study/Ruby/my/stack_like_pt_v426/config/initializers/inflections.rb": [
        null,
        null,
        null,
        null,
        null,
        null,
        null,
        null,
        null,
        null,
        null,
        null,
        null,
        null,
        null,
        null
      ],
      "/home/maks/Dropbox/study/Ruby/my/stack_like_pt_v426/config/initializers/mime_types.rb": [
        null,
        null,
        null,
        null
      ],
      "/home/maks/Dropbox/study/Ruby/my/stack_like_pt_v426/config/initializers/session_store.rb": [
        null,
        null,
        1
      ],
      "/home/maks/Dropbox/study/Ruby/my/stack_like_pt_v426/config/initializers/wrap_parameters.rb": [
        null,
        null,
        null,
        null,
        null,
        null,
        1,
        1,
        null,
        null,
        null,
        null,
        null,
        null
      ],
      "/home/maks/Dropbox/study/Ruby/my/stack_like_pt_v426/config/routes.rb": [
        1,
        1,
        1,
        null,
        null,
        1,
        null,
        null,
        null
      ],
      "/home/maks/Dropbox/study/Ruby/my/stack_like_pt_v426/app/helpers/application_helper.rb": [
        1,
        null
      ],
      "/home/maks/Dropbox/study/Ruby/my/stack_like_pt_v426/app/models/category.rb": [
        1,
        1,
        null
      ],
      "/home/maks/Dropbox/study/Ruby/my/stack_like_pt_v426/spec/models/comment_spec.rb": [
        1,
        null,
        1,
        2,
        null,
        2,
        null,
        2,
        null,
        1,
        1,
        null,
        null,
        null,
        2,
        null
      ],
      "/home/maks/Dropbox/study/Ruby/my/stack_like_pt_v426/app/models/comment.rb": [
        1,
        1,
        null,
        1,
        null,
        1,
        null,
        1,
        null,
        1,
        null
      ],
      "/home/maks/Dropbox/study/Ruby/my/stack_like_pt_v426/spec/models/like_spec.rb": [
        1,
        null,
        1,
        null,
        null,
        2,
        null,
        null
      ],
      "/home/maks/Dropbox/study/Ruby/my/stack_like_pt_v426/app/models/like.rb": [
        1,
        1,
        null,
        1,
        null,
        1,
        null
      ],
      "/home/maks/Dropbox/study/Ruby/my/stack_like_pt_v426/spec/models/post_spec.rb": [
        1,
        null,
        1,
        2,
        null,
        2,
        null,
        2,
        null,
        1,
        1,
        null,
        null,
        null,
        2,
        null
      ],
      "/home/maks/Dropbox/study/Ruby/my/stack_like_pt_v426/app/models/post.rb": [
        1,
        1,
        null,
        null,
        null,
        1,
        null,
        1,
        null,
        1,
        null,
        1,
        null,
        null
      ],
      "/home/maks/Dropbox/study/Ruby/my/stack_like_pt_v426/spec/models/user_spec.rb": [
        1,
        null,
        1,
        2,
        null,
        2,
        null,
        2,
        null,
        2,
        null,
        2,
        null,
        2,
        null,
        null,
        null,
        2,
        null,
        2,
        null,
        2,
        null
      ],
      "/home/maks/Dropbox/study/Ruby/my/stack_like_pt_v426/app/models/user.rb": [
        1,
        null,
        1,
        null,
        1,
        null,
        1,
        null,
        1,
        null,
        1,
        null,
        1,
        null,
        1,
        null,
        1,
        null
      ]
    },
    "timestamp": 1471289732
  }
}
